[Appium] Welcome to Appium v1.6.3
[Appium] Non-default server args:
[Appium]   address: '192.168.31.119'
[Appium]   port: 9000
[Appium]   bootstrapPort: 9008
[Appium]   udid: '127.0.0.1:62001'
[Appium] Deprecated server args:
[Appium]   -U,--udid => --default-capabilities '{"udid":"127.0.0.1:62001"}'
[Appium] Default capabilities, which will be added to each request unless overridden by desired capabilities:
[Appium]   udid: '127.0.0.1:62001'
[Appium] Appium REST http interface listener started on 192.168.31.119:9000
[HTTP] --> POST /wd/hub/session {"capabilities":[{"desiredCapabilities":{"app":"F:\\adt-workspace\\weixin\\app\\mm.apk","appPackage":"com.tencent.mm","noReset":true,"platformVersion":"4.4","unicodeKeyboard":true,"chromeOptions":{"args":[],"extensions":[],"androidProcess":"com.tencent.mm:tools"},"platformName":"Android","deviceName":"127.0.0.1:62001","resetKeyboard":true}},{"requiredCapabilities":{}}],"desiredCapabilities":{"app":"F:\\adt-workspace\\weixin\\app\\mm.apk","appPackage":"com.tencent.mm","noReset":true,"platformVersion":"4.4","unicodeKeyboard":true,"chromeOptions":{"args":[],"extensions":[],"androidProcess":"com.tencent.mm:tools"},"platformName":"Android","deviceName":"127.0.0.1:62001","resetKeyboard":true},"requiredCapabilities":{}}
[debug] [MJSONWP] Calling AppiumDriver.createSession() with args: [{"app":"F:\\adt-workspace\\weixin\\app\\mm.apk","appPackage":"com.tencent.mm","noReset":true,"platformVersion":"4.4","unicodeKeyboard":true,"chromeOptions":{"args":[],"extensions":[],"androidProcess":"com.tencent.mm:tools"},"platformName":"Android","deviceName":"127.0.0.1:62001","resetKeyboard":true},{},[{"desiredCapabilities":{"app":"F:\\adt-workspace\\weixin\\app\\mm.apk","appPackage":"com.tencent.mm","noReset":true,"platformVersion":"4.4","unicodeKeyboard":true,"chromeOptions":{"args":[],"extensions":[],"androidProcess":"com.tencent.mm:tools"},"platformName":"Android","deviceName":"127.0.0.1:62001","resetKeyboard":true}},{"requiredCapabilities":{}}],null,null]
[Appium] Creating new AndroidDriver session
[Appium] Capabilities:
[Appium]   app: 'F:\\adt-workspace\\weixin\\app\\mm.apk'
[Appium]   appPackage: 'com.tencent.mm'
[Appium]   noReset: true
[Appium]   platformVersion: '4.4'
[Appium]   unicodeKeyboard: true
[Appium]   chromeOptions: { args: [],
  extensions: [],
  androidProcess: 'com.tencent.mm:tools' }
[Appium]   platformName: 'Android'
[Appium]   deviceName: '127.0.0.1:62001'
[Appium]   resetKeyboard: true
[Appium]   udid: '127.0.0.1:62001'
[debug] [AndroidDriver] AndroidDriver version: 1.11.3
[BaseDriver] Session created with session id: 77574505-7a80-4d49-b8ba-922c177b6f42
[debug] [AndroidDriver] Getting Java version
[AndroidDriver] Java version is: 1.8.0_131
[ADB] Checking whether adb is present
[ADB] Using adb.exe from E:\adt-bundle-windows-x86_64-20140702\adt-bundle-windows-x86_64-20140702\sdk\platform-tools\adb.exe
[AndroidDriver] Retrieving device list
[debug] [ADB] Trying to find a connected android device
[debug] [ADB] Getting connected devices...
[debug] [ADB] 1 device(s) connected
[AndroidDriver] Using device: 127.0.0.1:62001
[ADB] Checking whether adb is present
[ADB] Using adb.exe from E:\adt-bundle-windows-x86_64-20140702\adt-bundle-windows-x86_64-20140702\sdk\platform-tools\adb.exe
[debug] [ADB] Setting device id to 127.0.0.1:62001
[BaseDriver] Using local app 'F:\adt-workspace\weixin\app\mm.apk'
[debug] [AndroidDriver] Checking whether app is actually present
[AndroidDriver] Starting Android session
[debug] [ADB] Running 'E:\adt-bundle-windows-x86_64-20140702\adt-bundle-windows-x86_64-20140702\sdk\platform-tools\adb.exe' with args: ["-P",5037,"-s","127.0.0.1:62001","wait-for-device"]
[debug] [ADB] Getting connected devices...
[debug] [ADB] 1 device(s) connected
[debug] [ADB] Running 'E:\adt-bundle-windows-x86_64-20140702\adt-bundle-windows-x86_64-20140702\sdk\platform-tools\adb.exe' with args: ["-P",5037,"-s","127.0.0.1:62001","shell","echo","ping"]
[debug] [Logcat] Starting logcat capture
[debug] [AndroidDriver] Enabling Unicode keyboard support
[debug] [AndroidDriver] Pushing unicode ime to device...
[debug] [ADB] Running 'E:\adt-bundle-windows-x86_64-20140702\adt-bundle-windows-x86_64-20140702\sdk\platform-tools\adb.exe' with args: ["-P",5037,"-s","127.0.0.1:62001","install","C:\\Users\\kk\\AppData\\Roaming\\npm\\node_modules\\appium\\node_modules\\.2.0.0@appium-android-ime\\bin\\UnicodeIME-debug.apk"]
[debug] [ADB] Getting connected devices...
[debug] [ADB] 1 device(s) connected
[debug] [ADB] Running 'E:\adt-bundle-windows-x86_64-20140702\adt-bundle-windows-x86_64-20140702\sdk\platform-tools\adb.exe' with args: ["-P",5037,"-s","127.0.0.1:62001","shell","settings","get","secure","default_input_method"]
[debug] [AndroidDriver] Unsetting previous IME com.example.android.softkeyboard/.SoftKeyboard
[debug] [AndroidDriver] Setting IME to 'io.appium.android.ime/.UnicodeIME'
[debug] [ADB] Getting connected devices...
[debug] [ADB] 1 device(s) connected
[debug] [ADB] Running 'E:\adt-bundle-windows-x86_64-20140702\adt-bundle-windows-x86_64-20140702\sdk\platform-tools\adb.exe' with args: ["-P",5037,"-s","127.0.0.1:62001","shell","ime","enable","io.appium.android.ime/.UnicodeIME"]
[debug] [ADB] Getting connected devices...
[debug] [ADB] 1 device(s) connected
[debug] [ADB] Running 'E:\adt-bundle-windows-x86_64-20140702\adt-bundle-windows-x86_64-20140702\sdk\platform-tools\adb.exe' with args: ["-P",5037,"-s","127.0.0.1:62001","shell","ime","set","io.appium.android.ime/.UnicodeIME"]
[debug] [AndroidDriver] Pushing settings apk to device...
[debug] [ADB] Running 'E:\adt-bundle-windows-x86_64-20140702\adt-bundle-windows-x86_64-20140702\sdk\platform-tools\adb.exe' with args: ["-P",5037,"-s","127.0.0.1:62001","install","C:\\Users\\kk\\AppData\\Roaming\\npm\\node_modules\\appium\\node_modules\\.2.1.0@io.appium.settings\\bin\\settings_apk-debug.apk"]
[debug] [AndroidDriver] Pushing unlock helper app to device...
[debug] [ADB] Running 'E:\adt-bundle-windows-x86_64-20140702\adt-bundle-windows-x86_64-20140702\sdk\platform-tools\adb.exe' with args: ["-P",5037,"-s","127.0.0.1:62001","install","C:\\Users\\kk\\AppData\\Roaming\\npm\\node_modules\\appium\\node_modules\\.0.1.1@appium-unlock\\bin\\unlock_apk-debug.apk"]
[ADB] Getting device platform version
[debug] [ADB] Getting connected devices...
[debug] [ADB] 1 device(s) connected
[debug] [ADB] Running 'E:\adt-bundle-windows-x86_64-20140702\adt-bundle-windows-x86_64-20140702\sdk\platform-tools\adb.exe' with args: ["-P",5037,"-s","127.0.0.1:62001","shell","getprop","ro.build.version.release"]
[debug] [ADB] Getting connected devices...
[debug] [ADB] 1 device(s) connected
[debug] [ADB] Running 'E:\adt-bundle-windows-x86_64-20140702\adt-bundle-windows-x86_64-20140702\sdk\platform-tools\adb.exe' with args: ["-P",5037,"-s","127.0.0.1:62001","shell","wm","size"]
[debug] [ADB] Getting connected devices...
[debug] [ADB] 1 device(s) connected
[debug] [ADB] Running 'E:\adt-bundle-windows-x86_64-20140702\adt-bundle-windows-x86_64-20140702\sdk\platform-tools\adb.exe' with args: ["-P",5037,"-s","127.0.0.1:62001","shell","getprop","ro.product.model"]
[debug] [ADB] Current device property 'ro.product.model': MX4
[debug] [ADB] Getting connected devices...
[debug] [ADB] 1 device(s) connected
[debug] [ADB] Running 'E:\adt-bundle-windows-x86_64-20140702\adt-bundle-windows-x86_64-20140702\sdk\platform-tools\adb.exe' with args: ["-P",5037,"-s","127.0.0.1:62001","shell","getprop","ro.product.manufacturer"]
[debug] [ADB] Current device property 'ro.product.manufacturer': Meizu
[debug] [ADB] Getting connected devices...
[debug] [ADB] 1 device(s) connected
[debug] [ADB] Running 'E:\adt-bundle-windows-x86_64-20140702\adt-bundle-windows-x86_64-20140702\sdk\platform-tools\adb.exe' with args: ["-P",5037,"-s","127.0.0.1:62001","shell","dumpsys","window"]
[AndroidDriver] Screen already unlocked, doing nothing
[debug] [AndroidDriver] Parsing package and activity from app manifest
[ADB] Checking whether aapt is present
[ADB] Using aapt.exe from E:\adt-bundle-windows-x86_64-20140702\adt-bundle-windows-x86_64-20140702\sdk\build-tools\android-4.4W\aapt.exe
[ADB] Extracting package and launch activity from manifest
[debug] [ADB] badging package: com.tencent.mm
[debug] [ADB] badging act: com.tencent.mm.ui.LauncherUI
[debug] [AndroidDriver] Parsed package and activity are: com.tencent.mm/com.tencent.mm.ui.LauncherUI
[AndroidDriver] Remote apk path is /data/local/tmp/b32c1faa4a4da88d921f0113f5068d06.apk
[debug] [ADB] Getting connected devices...
[debug] [ADB] 1 device(s) connected
[debug] [ADB] Running 'E:\adt-bundle-windows-x86_64-20140702\adt-bundle-windows-x86_64-20140702\sdk\platform-tools\adb.exe' with args: ["-P",5037,"-s","127.0.0.1:62001","shell","ls","/data/local/tmp/b32c1faa4a4da88d921f0113f5068d06.apk"]
[debug] [AndroidDriver] Checking if app is installed
[debug] [ADB] Getting install status for com.tencent.mm
[debug] [ADB] Getting connected devices...
[debug] [ADB] 1 device(s) connected
[debug] [ADB] Running 'E:\adt-bundle-windows-x86_64-20140702\adt-bundle-windows-x86_64-20140702\sdk\platform-tools\adb.exe' with args: ["-P",5037,"-s","127.0.0.1:62001","shell","pm","list","packages","com.tencent.mm"]
[debug] [ADB] App is installed
[debug] [AndroidDriver] Extracting strings from apk F:\adt-workspace\weixin\app\mm.apk null C:\Users\kk\AppData\Local\Temp\com.tencent.mm
[debug] [ADB] Extracting strings for language: default
[debug] [ADB] Getting connected devices...
[debug] [ADB] 1 device(s) connected
[debug] [ADB] Running 'E:\adt-bundle-windows-x86_64-20140702\adt-bundle-windows-x86_64-20140702\sdk\platform-tools\adb.exe' with args: ["-P",5037,"-s","127.0.0.1:62001","shell","getprop","ro.build.version.sdk"]
[debug] [ADB] Device API level: 19
[debug] [ADB] Getting connected devices...
[debug] [ADB] 1 device(s) connected
[debug] [ADB] Running 'E:\adt-bundle-windows-x86_64-20140702\adt-bundle-windows-x86_64-20140702\sdk\platform-tools\adb.exe' with args: ["-P",5037,"-s","127.0.0.1:62001","shell","getprop","persist.sys.language"]
[debug] [ADB] Current device property 'persist.sys.language': zh
[debug] [ADB] No strings.xml for language 'zh', getting default strings.xml
[debug] [ADB] Reading strings from converted strings.json
[debug] [ADB] Running 'E:\adt-bundle-windows-x86_64-20140702\adt-bundle-windows-x86_64-20140702\sdk\platform-tools\adb.exe' with args: ["-P",5037,"-s","127.0.0.1:62001","push","C:\\Users\\kk\\AppData\\Local\\Temp\\com.tencent.mm\\strings.json","/data/local/tmp"]
[debug] [AndroidBootstrap] Watching for bootstrap disconnect
[debug] [ADB] Forwarding system: 9008 to device: 4724
[debug] [ADB] Running 'E:\adt-bundle-windows-x86_64-20140702\adt-bundle-windows-x86_64-20140702\sdk\platform-tools\adb.exe' with args: ["-P",5037,"-s","127.0.0.1:62001","forward","tcp:9008","tcp:4724"]
[debug] [UiAutomator] Starting UiAutomator
[debug] [UiAutomator] Moving to state 'starting'
[debug] [UiAutomator] Parsing uiautomator jar
[debug] [UiAutomator] Found jar name: 'AppiumBootstrap.jar'
[debug] [ADB] Running 'E:\adt-bundle-windows-x86_64-20140702\adt-bundle-windows-x86_64-20140702\sdk\platform-tools\adb.exe' with args: ["-P",5037,"-s","127.0.0.1:62001","push","C:\\Users\\kk\\AppData\\Roaming\\npm\\node_modules\\appium\\node_modules\\.2.7.9@appium-android-bootstrap\\bootstrap\\bin\\AppiumBootstrap.jar","/data/local/tmp/"]
[debug] [ADB] Attempting to kill all uiautomator processes
[debug] [ADB] Getting all processes with uiautomator
[debug] [ADB] Getting connected devices...
[debug] [ADB] 1 device(s) connected
[debug] [ADB] Running 'E:\adt-bundle-windows-x86_64-20140702\adt-bundle-windows-x86_64-20140702\sdk\platform-tools\adb.exe' with args: ["-P",5037,"-s","127.0.0.1:62001","shell","ps"]
[ADB] No uiautomator process found to kill, continuing...
[debug] [UiAutomator] Starting UIAutomator
[debug] [ADB] Creating ADB subprocess with args: ["-P",5037,"-s","127.0.0.1:62001","shell","uiautomator","runtest","AppiumBootstrap.jar","-c","io.appium.android.bootstrap.Bootstrap","-e","pkg","com.tencent.mm","-e","disableAndroidWatchers",false,"-e","acceptSslCerts",false]
[debug] [UiAutomator] Moving to state 'online'
[AndroidBootstrap] [BOOTSTRAP LOG] [debug] Loading json...
[AndroidBootstrap] Android bootstrap socket is now connected
[debug] [ADB] Device API level: 19
[debug] [ADB] Getting connected devices...
[AndroidBootstrap] [BOOTSTRAP LOG] [debug] json loading complete.
[AndroidBootstrap] [BOOTSTRAP LOG] [debug] Registered crash watchers.
[AndroidBootstrap] [BOOTSTRAP LOG] [debug] Client connected
[debug] [ADB] 1 device(s) connected
[debug] [ADB] Running 'E:\adt-bundle-windows-x86_64-20140702\adt-bundle-windows-x86_64-20140702\sdk\platform-tools\adb.exe' with args: ["-P",5037,"-s","127.0.0.1:62001","shell","am","start","-W","-n","com.tencent.mm/com.tencent.mm.ui.LauncherUI","-S","-a","android.intent.action.MAIN","-c","android.intent.category.LAUNCHER","-f","0x10200000"]
[debug] [ADB] Waiting for pkg: 'com.tencent.mm' and activity: 'com.tencent.mm.ui.LauncherUI' to be focused
[debug] [ADB] Possible activities, to be checked: com.tencent.mm.ui.LauncherUI, com.tencent.mm.com.tencent.mm.ui.LauncherUI
[debug] [ADB] Getting focused package and activity
[debug] [ADB] Getting connected devices...
[debug] [ADB] 1 device(s) connected
[debug] [ADB] Running 'E:\adt-bundle-windows-x86_64-20140702\adt-bundle-windows-x86_64-20140702\sdk\platform-tools\adb.exe' with args: ["-P",5037,"-s","127.0.0.1:62001","shell","dumpsys","window","windows"]
[debug] [ADB] Found package: 'com.tencent.mm' and fully qualified activity name : 'com.tencent.mm.app.WeChatSplashActivity'
[debug] [ADB] Incorrect package and activity. Retrying.
[debug] [ADB] Getting focused package and activity
[debug] [ADB] Getting connected devices...
[debug] [ADB] 1 device(s) connected
[debug] [ADB] Running 'E:\adt-bundle-windows-x86_64-20140702\adt-bundle-windows-x86_64-20140702\sdk\platform-tools\adb.exe' with args: ["-P",5037,"-s","127.0.0.1:62001","shell","dumpsys","window","windows"]
[debug] [ADB] Found package: 'com.tencent.mm' and fully qualified activity name : 'com.tencent.mm.app.WeChatSplashActivity'
[debug] [ADB] Incorrect package and activity. Retrying.
[debug] [ADB] Getting focused package and activity
[debug] [ADB] Getting connected devices...
[debug] [ADB] 1 device(s) connected
[debug] [ADB] Running 'E:\adt-bundle-windows-x86_64-20140702\adt-bundle-windows-x86_64-20140702\sdk\platform-tools\adb.exe' with args: ["-P",5037,"-s","127.0.0.1:62001","shell","dumpsys","window","windows"]
[debug] [ADB] Found package: 'com.tencent.mm' and fully qualified activity name : 'com.tencent.mm.app.WeChatSplashActivity'
[debug] [ADB] Incorrect package and activity. Retrying.
[debug] [ADB] Getting focused package and activity
[debug] [ADB] Getting connected devices...
[debug] [ADB] 1 device(s) connected
[debug] [ADB] Running 'E:\adt-bundle-windows-x86_64-20140702\adt-bundle-windows-x86_64-20140702\sdk\platform-tools\adb.exe' with args: ["-P",5037,"-s","127.0.0.1:62001","shell","dumpsys","window","windows"]
[debug] [ADB] Found package: 'com.tencent.mm' and fully qualified activity name : 'com.tencent.mm.app.WeChatSplashActivity'
[debug] [ADB] Incorrect package and activity. Retrying.
[debug] [ADB] Getting focused package and activity
[debug] [ADB] Getting connected devices...
[debug] [ADB] 1 device(s) connected
[debug] [ADB] Running 'E:\adt-bundle-windows-x86_64-20140702\adt-bundle-windows-x86_64-20140702\sdk\platform-tools\adb.exe' with args: ["-P",5037,"-s","127.0.0.1:62001","shell","dumpsys","window","windows"]
[debug] [ADB] Found package: 'com.tencent.mm' and fully qualified activity name : 'com.tencent.mm.app.WeChatSplashActivity'
[debug] [ADB] Incorrect package and activity. Retrying.
[debug] [ADB] Getting focused package and activity
[debug] [ADB] Getting connected devices...
[debug] [ADB] 1 device(s) connected
[debug] [ADB] Running 'E:\adt-bundle-windows-x86_64-20140702\adt-bundle-windows-x86_64-20140702\sdk\platform-tools\adb.exe' with args: ["-P",5037,"-s","127.0.0.1:62001","shell","dumpsys","window","windows"]
[debug] [ADB] Found package: 'com.tencent.mm' and fully qualified activity name : 'com.tencent.mm.app.WeChatSplashActivity'
[debug] [ADB] Incorrect package and activity. Retrying.
[debug] [ADB] Getting focused package and activity
[debug] [ADB] Getting connected devices...
[debug] [ADB] 1 device(s) connected
[debug] [ADB] Running 'E:\adt-bundle-windows-x86_64-20140702\adt-bundle-windows-x86_64-20140702\sdk\platform-tools\adb.exe' with args: ["-P",5037,"-s","127.0.0.1:62001","shell","dumpsys","window","windows"]
[debug] [ADB] Found package: 'com.tencent.mm' and fully qualified activity name : 'com.tencent.mm.ui.LauncherUI'
[Appium] New AndroidDriver session created successfully, session 77574505-7a80-4d49-b8ba-922c177b6f42 added to master session list
[debug] [MJSONWP] Responding to client with driver.createSession() result: {"platform":"LINUX","webStorageEnabled":false,"takesScreenshot":true,"javascriptEnabled":true,"databaseEnabled":false,"networkConnectionEnabled":true,"locationContextEnabled":false,"warnings":{},"desired":{"app":"F:\\adt-workspace\\weixin\\app\\mm.apk","appPackage":"com.tencent.mm","noReset":true,"platformVersion":"4.4","unicodeKeyboard":true,"chromeOptions":{"args":[],"extensions":[],"androidProcess":"com.tencent.mm:tools"},"platformName":"Android","deviceName":"127.0.0.1:62001","resetKeyboard":true,"udid":"127.0.0.1:62001"},"app":"F:\\adt-workspace\\weixin\\app\\mm.apk","appPackage":"com.tencent.mm","noReset":true,"platformVersion":"4.4.2","unicodeKeyboard":true,"chromeOptions":{"args":[],"extensions":[],"androidProcess":"com.tencent.mm:tools"},"platformName":"Android","deviceName":"127.0.0.1:62001","resetKeyboard":true,"udid":"127.0.0.1:62001","deviceUDID":"127.0.0.1:62001","deviceScreenSize":"900x1440","deviceModel":"MX4","deviceManufacturer":"Meizu","appWaitPackage":"com.tencent.mm","appActivity":"com...
[HTTP] <-- POST /wd/hub/session 200 27718 ms - 1169 
[HTTP] --> GET /wd/hub/session/77574505-7a80-4d49-b8ba-922c177b6f42 {}
[debug] [MJSONWP] Calling AppiumDriver.getSession() with args: ["77574505-7a80-4d49-b8ba-922c177b6f42"]
[debug] [MJSONWP] Responding to client with driver.getSession() result: {"platform":"LINUX","webStorageEnabled":false,"takesScreenshot":true,"javascriptEnabled":true,"databaseEnabled":false,"networkConnectionEnabled":true,"locationContextEnabled":false,"warnings":{},"desired":{"app":"F:\\adt-workspace\\weixin\\app\\mm.apk","appPackage":"com.tencent.mm","noReset":true,"platformVersion":"4.4","unicodeKeyboard":true,"chromeOptions":{"args":[],"extensions":[],"androidProcess":"com.tencent.mm:tools"},"platformName":"Android","deviceName":"127.0.0.1:62001","resetKeyboard":true,"udid":"127.0.0.1:62001"},"app":"F:\\adt-workspace\\weixin\\app\\mm.apk","appPackage":"com.tencent.mm","noReset":true,"platformVersion":"4.4.2","unicodeKeyboard":true,"chromeOptions":{"args":[],"extensions":[],"androidProcess":"com.tencent.mm:tools"},"platformName":"Android","deviceName":"127.0.0.1:62001","resetKeyboard":true,"udid":"127.0.0.1:62001","deviceUDID":"127.0.0.1:62001","deviceScreenSize":"900x1440","deviceModel":"MX4","deviceManufacturer":"Meizu","appWaitPackage":"com.tencent.mm","appActivity":"com...
[HTTP] <-- GET /wd/hub/session/77574505-7a80-4d49-b8ba-922c177b6f42 200 3 ms - 1169 
[HTTP] --> GET /wd/hub/session/77574505-7a80-4d49-b8ba-922c177b6f42 {}
[debug] [MJSONWP] Calling AppiumDriver.getSession() with args: ["77574505-7a80-4d49-b8ba-922c177b6f42"]
[debug] [MJSONWP] Responding to client with driver.getSession() result: {"platform":"LINUX","webStorageEnabled":false,"takesScreenshot":true,"javascriptEnabled":true,"databaseEnabled":false,"networkConnectionEnabled":true,"locationContextEnabled":false,"warnings":{},"desired":{"app":"F:\\adt-workspace\\weixin\\app\\mm.apk","appPackage":"com.tencent.mm","noReset":true,"platformVersion":"4.4","unicodeKeyboard":true,"chromeOptions":{"args":[],"extensions":[],"androidProcess":"com.tencent.mm:tools"},"platformName":"Android","deviceName":"127.0.0.1:62001","resetKeyboard":true,"udid":"127.0.0.1:62001"},"app":"F:\\adt-workspace\\weixin\\app\\mm.apk","appPackage":"com.tencent.mm","noReset":true,"platformVersion":"4.4.2","unicodeKeyboard":true,"chromeOptions":{"args":[],"extensions":[],"androidProcess":"com.tencent.mm:tools"},"platformName":"Android","deviceName":"127.0.0.1:62001","resetKeyboard":true,"udid":"127.0.0.1:62001","deviceUDID":"127.0.0.1:62001","deviceScreenSize":"900x1440","deviceModel":"MX4","deviceManufacturer":"Meizu","appWaitPackage":"com.tencent.mm","appActivity":"com...
[HTTP] <-- GET /wd/hub/session/77574505-7a80-4d49-b8ba-922c177b6f42 200 1 ms - 1169 
[HTTP] --> POST /wd/hub/session/77574505-7a80-4d49-b8ba-922c177b6f42/timeouts {"type":"implicit","ms":30000}
[debug] [MJSONWP] Calling AppiumDriver.timeouts() with args: ["implicit",30000,"77574505-7a80-4d49-b8ba-922c177b6f42"]
[debug] [BaseDriver] Set implicit wait to 30000ms
[debug] [MJSONWP] Responding to client with driver.timeouts() result: null
[HTTP] <-- POST /wd/hub/session/77574505-7a80-4d49-b8ba-922c177b6f42/timeouts 200 2 ms - 76 
[HTTP] --> POST /wd/hub/session/77574505-7a80-4d49-b8ba-922c177b6f42/element {"using":"id","value":"搜索"}
[debug] [MJSONWP] Calling AppiumDriver.findElement() with args: ["id","搜索","77574505-7a80-4d49-b8ba-922c177b6f42"]
[debug] [BaseDriver] Valid locator strategies for this request: xpath, id, class name, accessibility id, -android uiautomator
[debug] [BaseDriver] Valid locator strategies for this request: xpath, id, class name, accessibility id, -android uiautomator
[debug] [BaseDriver] Waiting up to 30000 ms for condition
[debug] [AndroidBootstrap] Sending command to android: {"cmd":"action","action":"find","params":{"strategy":"id","selector":"搜索","context":"","multiple":false}}
[AndroidBootstrap] [BOOTSTRAP LOG] [debug] Got data from client: {"cmd":"action","action":"find","params":{"strategy":"id","selector":"搜索","context":"","multiple":false}}
[AndroidBootstrap] [BOOTSTRAP LOG] [debug] Got command of type ACTION
[AndroidBootstrap] [BOOTSTRAP LOG] [debug] Got command action: find
[AndroidBootstrap] [BOOTSTRAP LOG] [debug] Finding '搜索' using 'ID' with the contextId: '' multiple: false
[AndroidBootstrap] [BOOTSTRAP LOG] [debug] Using: UiSelector[INSTANCE=0, RESOURCE_ID=com.tencent.mm:id/搜索]
[AndroidBootstrap] [BOOTSTRAP LOG] [debug] Using: UiSelector[INSTANCE=0, RESOURCE_ID=android:id/搜索]
[AndroidBootstrap] [BOOTSTRAP LOG] [debug] Using: UiSelector[INSTANCE=0, RESOURCE_ID=搜索]
[AndroidBootstrap] [BOOTSTRAP LOG] [debug] Using: UiSelector[DESCRIPTION=搜索, INSTANCE=0]
[AndroidBootstrap] [BOOTSTRAP LOG] [debug] Returning result: {"value":{"ELEMENT":"1"},"status":0}
[debug] [AndroidBootstrap] Received command result from bootstrap
[debug] [MJSONWP] Responding to client with driver.findElement() result: {"ELEMENT":"1"}
[HTTP] <-- POST /wd/hub/session/77574505-7a80-4d49-b8ba-922c177b6f42/element 200 5620 ms - 87 
[HTTP] --> POST /wd/hub/session/77574505-7a80-4d49-b8ba-922c177b6f42/element/1/click {"id":"1"}
[debug] [MJSONWP] Calling AppiumDriver.click() with args: ["1","77574505-7a80-4d49-b8ba-922c177b6f42"]
[debug] [AndroidBootstrap] Sending command to android: {"cmd":"action","action":"element:click","params":{"elementId":"1"}}
[AndroidBootstrap] [BOOTSTRAP LOG] [debug] Got data from client: {"cmd":"action","action":"element:click","params":{"elementId":"1"}}
[AndroidBootstrap] [BOOTSTRAP LOG] [debug] Got command of type ACTION
[AndroidBootstrap] [BOOTSTRAP LOG] [debug] Got command action: click
[AndroidBootstrap] [BOOTSTRAP LOG] [debug] Returning result: {"value":true,"status":0}
[debug] [AndroidBootstrap] Received command result from bootstrap
[debug] [MJSONWP] Responding to client with driver.click() result: true
[HTTP] <-- POST /wd/hub/session/77574505-7a80-4d49-b8ba-922c177b6f42/element/1/click 200 5180 ms - 76 
[HTTP] --> POST /wd/hub/session/77574505-7a80-4d49-b8ba-922c177b6f42/element {"using":"id","value":"com.tencent.mm:id/ht"}
[debug] [MJSONWP] Calling AppiumDriver.findElement() with args: ["id","com.tencent.mm:id/ht","77574505-7a80-4d49-b8ba-922c177b6f42"]
[debug] [BaseDriver] Valid locator strategies for this request: xpath, id, class name, accessibility id, -android uiautomator
[debug] [BaseDriver] Valid locator strategies for this request: xpath, id, class name, accessibility id, -android uiautomator
[debug] [BaseDriver] Waiting up to 30000 ms for condition
[debug] [AndroidBootstrap] Sending command to android: {"cmd":"action","action":"find","params":{"strategy":"id","selector":"com.tencent.mm:id/ht","context":"","multiple":false}}
[AndroidBootstrap] [BOOTSTRAP LOG] [debug] Got data from client: {"cmd":"action","action":"find","params":{"strategy":"id","selector":"com.tencent.mm:id/ht","context":"","multiple":false}}
[AndroidBootstrap] [BOOTSTRAP LOG] [debug] Got command of type ACTION
[AndroidBootstrap] [BOOTSTRAP LOG] [debug] Got command action: find
[AndroidBootstrap] [BOOTSTRAP LOG] [debug] Finding 'com.tencent.mm:id/ht' using 'ID' with the contextId: '' multiple: false
[AndroidBootstrap] [BOOTSTRAP LOG] [debug] Using: UiSelector[INSTANCE=0, RESOURCE_ID=com.tencent.mm:id/ht]
[AndroidBootstrap] [BOOTSTRAP LOG] [debug] Returning result: {"value":{"ELEMENT":"2"},"status":0}
[debug] [AndroidBootstrap] Received command result from bootstrap
[debug] [MJSONWP] Responding to client with driver.findElement() result: {"ELEMENT":"2"}
[HTTP] <-- POST /wd/hub/session/77574505-7a80-4d49-b8ba-922c177b6f42/element 200 147 ms - 87 
[HTTP] --> POST /wd/hub/session/77574505-7a80-4d49-b8ba-922c177b6f42/element/2/click {"id":"2"}
[debug] [MJSONWP] Calling AppiumDriver.click() with args: ["2","77574505-7a80-4d49-b8ba-922c177b6f42"]
[debug] [AndroidBootstrap] Sending command to android: {"cmd":"action","action":"element:click","params":{"elementId":"2"}}
[AndroidBootstrap] [BOOTSTRAP LOG] [debug] Got data from client: {"cmd":"action","action":"element:click","params":{"elementId":"2"}}
[AndroidBootstrap] [BOOTSTRAP LOG] [debug] Got command of type ACTION
[AndroidBootstrap] [BOOTSTRAP LOG] [debug] Got command action: click
[AndroidBootstrap] [BOOTSTRAP LOG] [debug] Returning result: {"value":true,"status":0}
[debug] [AndroidBootstrap] Received command result from bootstrap
[debug] [MJSONWP] Responding to client with driver.click() result: true
[HTTP] <-- POST /wd/hub/session/77574505-7a80-4d49-b8ba-922c177b6f42/element/2/click 200 5488 ms - 76 
[HTTP] --> POST /wd/hub/session/77574505-7a80-4d49-b8ba-922c177b6f42/element/2/value {"id":"2","value":["中国邮政"]}
[debug] [MJSONWP] Calling AppiumDriver.setValue() with args: [["中国邮政"],"2","77574505-7a80-4d49-b8ba-922c177b6f42"]
[debug] [AndroidBootstrap] Sending command to android: {"cmd":"action","action":"element:setText","params":{"elementId":"2","text":"中国邮政","replace":false,"unicodeKeyboard":true}}
[AndroidBootstrap] [BOOTSTRAP LOG] [debug] Got data from client: {"cmd":"action","action":"element:setText","params":{"elementId":"2","text":"中国邮政","replace":false,"unicodeKeyboard":true}}
[AndroidBootstrap] [BOOTSTRAP LOG] [debug] Got command of type ACTION
[AndroidBootstrap] [BOOTSTRAP LOG] [debug] Got command action: setText
[AndroidBootstrap] [BOOTSTRAP LOG] [debug] Using element passed in: 2
[AndroidBootstrap] [BOOTSTRAP LOG] [debug] Attempting to clear using UiObject.clearText().
[AndroidBootstrap] [BOOTSTRAP LOG] [debug] Text remains after clearing, but it appears to be hint text.
[AndroidBootstrap] [BOOTSTRAP LOG] [debug] Text not cleared. Assuming remainder is hint text.
[AndroidBootstrap] [BOOTSTRAP LOG] [debug] Sending Unicode text to element: 中国邮政
[AndroidBootstrap] [BOOTSTRAP LOG] [debug] Encoded text: &Ti1W,ZCuZT8-
[debug] [AndroidBootstrap] Received command result from bootstrap
[debug] [MJSONWP] Responding to client with driver.setValue() result: true
[HTTP] <-- POST /wd/hub/session/77574505-7a80-4d49-b8ba-922c177b6f42/element/2/value 200 4922 ms - 76 
[AndroidBootstrap] [BOOTSTRAP LOG] [debug] Returning result: {"value":true,"status":0}
[HTTP] --> POST /wd/hub/session/77574505-7a80-4d49-b8ba-922c177b6f42/element {"using":"id","value":"com.tencent.mm:id/kr"}
[debug] [MJSONWP] Calling AppiumDriver.findElement() with args: ["id","com.tencent.mm:id/kr","77574505-7a80-4d49-b8ba-922c177b6f42"]
[debug] [BaseDriver] Valid locator strategies for this request: xpath, id, class name, accessibility id, -android uiautomator
[debug] [BaseDriver] Valid locator strategies for this request: xpath, id, class name, accessibility id, -android uiautomator
[debug] [BaseDriver] Waiting up to 30000 ms for condition
[debug] [AndroidBootstrap] Sending command to android: {"cmd":"action","action":"find","params":{"strategy":"id","selector":"com.tencent.mm:id/kr","context":"","multiple":false}}
[AndroidBootstrap] [BOOTSTRAP LOG] [debug] Got data from client: {"cmd":"action","action":"find","params":{"strategy":"id","selector":"com.tencent.mm:id/kr","context":"","multiple":false}}
[AndroidBootstrap] [BOOTSTRAP LOG] [debug] Got command of type ACTION
[AndroidBootstrap] [BOOTSTRAP LOG] [debug] Got command action: find
[AndroidBootstrap] [BOOTSTRAP LOG] [debug] Finding 'com.tencent.mm:id/kr' using 'ID' with the contextId: '' multiple: false
[AndroidBootstrap] [BOOTSTRAP LOG] [debug] Using: UiSelector[INSTANCE=0, RESOURCE_ID=com.tencent.mm:id/kr]
[AndroidBootstrap] [BOOTSTRAP LOG] [debug] Failed to locate element. Clearing Accessibility cache and retrying.
[AndroidBootstrap] [BOOTSTRAP LOG] [debug] Finding 'com.tencent.mm:id/kr' using 'ID' with the contextId: '' multiple: false
[AndroidBootstrap] [BOOTSTRAP LOG] [debug] Using: UiSelector[INSTANCE=0, RESOURCE_ID=com.tencent.mm:id/kr]
[AndroidBootstrap] [BOOTSTRAP LOG] [debug] Returning result: {"value":{"ELEMENT":"3"},"status":0}
[debug] [AndroidBootstrap] Received command result from bootstrap
[debug] [MJSONWP] Responding to client with driver.findElement() result: {"ELEMENT":"3"}
[HTTP] <-- POST /wd/hub/session/77574505-7a80-4d49-b8ba-922c177b6f42/element 200 1265 ms - 87 
[HTTP] --> POST /wd/hub/session/77574505-7a80-4d49-b8ba-922c177b6f42/element/3/click {"id":"3"}
[debug] [MJSONWP] Calling AppiumDriver.click() with args: ["3","77574505-7a80-4d49-b8ba-922c177b6f42"]
[debug] [AndroidBootstrap] Sending command to android: {"cmd":"action","action":"element:click","params":{"elementId":"3"}}
[AndroidBootstrap] [BOOTSTRAP LOG] [debug] Got data from client: {"cmd":"action","action":"element:click","params":{"elementId":"3"}}
[AndroidBootstrap] [BOOTSTRAP LOG] [debug] Got command of type ACTION
[AndroidBootstrap] [BOOTSTRAP LOG] [debug] Got command action: click
[AndroidBootstrap] [BOOTSTRAP LOG] [debug] Returning result: {"value":true,"status":0}
[debug] [AndroidBootstrap] Received command result from bootstrap
[debug] [MJSONWP] Responding to client with driver.click() result: true
[HTTP] <-- POST /wd/hub/session/77574505-7a80-4d49-b8ba-922c177b6f42/element/3/click 200 615 ms - 76 
[HTTP] --> POST /wd/hub/session/77574505-7a80-4d49-b8ba-922c177b6f42/element {"using":"id","value":"com.tencent.mm:id/aas"}
[debug] [MJSONWP] Calling AppiumDriver.findElement() with args: ["id","com.tencent.mm:id/aas","77574505-7a80-4d49-b8ba-922c177b6f42"]
[debug] [BaseDriver] Valid locator strategies for this request: xpath, id, class name, accessibility id, -android uiautomator
[debug] [BaseDriver] Valid locator strategies for this request: xpath, id, class name, accessibility id, -android uiautomator
[debug] [BaseDriver] Waiting up to 30000 ms for condition
[debug] [AndroidBootstrap] Sending command to android: {"cmd":"action","action":"find","params":{"strategy":"id","selector":"com.tencent.mm:id/aas","context":"","multiple":false}}
[AndroidBootstrap] [BOOTSTRAP LOG] [debug] Got data from client: {"cmd":"action","action":"find","params":{"strategy":"id","selector":"com.tencent.mm:id/aas","context":"","multiple":false}}
[AndroidBootstrap] [BOOTSTRAP LOG] [debug] Got command of type ACTION
[AndroidBootstrap] [BOOTSTRAP LOG] [debug] Got command action: find
[AndroidBootstrap] [BOOTSTRAP LOG] [debug] Finding 'com.tencent.mm:id/aas' using 'ID' with the contextId: '' multiple: false
[AndroidBootstrap] [BOOTSTRAP LOG] [debug] Using: UiSelector[INSTANCE=0, RESOURCE_ID=com.tencent.mm:id/aas]
[AndroidBootstrap] [BOOTSTRAP LOG] [debug] Failed to locate element. Clearing Accessibility cache and retrying.
[AndroidBootstrap] [BOOTSTRAP LOG] [debug] Finding 'com.tencent.mm:id/aas' using 'ID' with the contextId: '' multiple: false
[AndroidBootstrap] [BOOTSTRAP LOG] [debug] Using: UiSelector[INSTANCE=0, RESOURCE_ID=com.tencent.mm:id/aas]
[AndroidBootstrap] [BOOTSTRAP LOG] [debug] Returning result: {"value":{"ELEMENT":"4"},"status":0}
[debug] [AndroidBootstrap] Received command result from bootstrap
[debug] [MJSONWP] Responding to client with driver.findElement() result: {"ELEMENT":"4"}
[HTTP] <-- POST /wd/hub/session/77574505-7a80-4d49-b8ba-922c177b6f42/element 200 2987 ms - 87 
[HTTP] --> POST /wd/hub/session/77574505-7a80-4d49-b8ba-922c177b6f42/element/4/click {"id":"4"}
[debug] [MJSONWP] Calling AppiumDriver.click() with args: ["4","77574505-7a80-4d49-b8ba-922c177b6f42"]
[debug] [AndroidBootstrap] Sending command to android: {"cmd":"action","action":"element:click","params":{"elementId":"4"}}
[AndroidBootstrap] [BOOTSTRAP LOG] [debug] Got data from client: {"cmd":"action","action":"element:click","params":{"elementId":"4"}}
[AndroidBootstrap] [BOOTSTRAP LOG] [debug] Got command of type ACTION
[AndroidBootstrap] [BOOTSTRAP LOG] [debug] Got command action: click
[AndroidBootstrap] [BOOTSTRAP LOG] [debug] Returning result: {"value":true,"status":0}
[debug] [AndroidBootstrap] Received command result from bootstrap
[debug] [MJSONWP] Responding to client with driver.click() result: true
[HTTP] <-- POST /wd/hub/session/77574505-7a80-4d49-b8ba-922c177b6f42/element/4/click 200 630 ms - 76 
[HTTP] --> POST /wd/hub/session/77574505-7a80-4d49-b8ba-922c177b6f42/element {"using":"xpath","value":"//*[@text='查邮件/资费/网点/邮编']"}
[debug] [MJSONWP] Calling AppiumDriver.findElement() with args: ["xpath","//*[@text='查邮件/资费/网点/邮编']","77574505-7a80-4d49-b8ba-922c177b6f42"]
[debug] [BaseDriver] Valid locator strategies for this request: xpath, id, class name, accessibility id, -android uiautomator
[debug] [BaseDriver] Valid locator strategies for this request: xpath, id, class name, accessibility id, -android uiautomator
[debug] [BaseDriver] Waiting up to 30000 ms for condition
[debug] [AndroidBootstrap] Sending command to android: {"cmd":"action","action":"find","params":{"strategy":"xpath","selector":"//*[@text='查邮件/资费/网点/邮编']","context":"","multiple":false}}
[AndroidBootstrap] [BOOTSTRAP LOG] [debug] Got data from client: {"cmd":"action","action":"find","params":{"strategy":"xpath","selector":"//*[@text='查邮件/资费/网点/邮编']","context":"","multiple":false}}
[AndroidBootstrap] [BOOTSTRAP LOG] [debug] Got command of type ACTION
[AndroidBootstrap] [BOOTSTRAP LOG] [debug] Got command action: find
[AndroidBootstrap] [BOOTSTRAP LOG] [debug] Finding '//*[@text='查邮件/资费/网点/邮编']' using 'XPATH' with the contextId: '' multiple: false
[AndroidBootstrap] [BOOTSTRAP LOG] [debug] Returning result: {"value":"Could not find an element using supplied strategy. ","status":7}
[debug] [AndroidBootstrap] Received command result from bootstrap
[debug] [BaseDriver] Waited for 125 ms so far
[debug] [AndroidBootstrap] Sending command to android: {"cmd":"action","action":"find","params":{"strategy":"xpath","selector":"//*[@text='查邮件/资费/网点/邮编']","context":"","multiple":false}}
[AndroidBootstrap] [BOOTSTRAP LOG] [debug] Got data from client: {"cmd":"action","action":"find","params":{"strategy":"xpath","selector":"//*[@text='查邮件/资费/网点/邮编']","context":"","multiple":false}}
[AndroidBootstrap] [BOOTSTRAP LOG] [debug] Got command of type ACTION
[AndroidBootstrap] [BOOTSTRAP LOG] [debug] Got command action: find
[AndroidBootstrap] [BOOTSTRAP LOG] [debug] Finding '//*[@text='查邮件/资费/网点/邮编']' using 'XPATH' with the contextId: '' multiple: false
[AndroidBootstrap] [BOOTSTRAP LOG] [debug] Using: UiSelector[CLASS=android.widget.TextView, INSTANCE=0]
[AndroidBootstrap] [BOOTSTRAP LOG] [debug] Returning result: {"value":{"ELEMENT":"5"},"status":0}
[debug] [AndroidBootstrap] Received command result from bootstrap
[debug] [MJSONWP] Responding to client with driver.findElement() result: {"ELEMENT":"5"}
[HTTP] <-- POST /wd/hub/session/77574505-7a80-4d49-b8ba-922c177b6f42/element 200 1150 ms - 87 
[HTTP] --> POST /wd/hub/session/77574505-7a80-4d49-b8ba-922c177b6f42/element/5/click {"id":"5"}
[debug] [MJSONWP] Calling AppiumDriver.click() with args: ["5","77574505-7a80-4d49-b8ba-922c177b6f42"]
[debug] [AndroidBootstrap] Sending command to android: {"cmd":"action","action":"element:click","params":{"elementId":"5"}}
[AndroidBootstrap] [BOOTSTRAP LOG] [debug] Got data from client: {"cmd":"action","action":"element:click","params":{"elementId":"5"}}
[AndroidBootstrap] [BOOTSTRAP LOG] [debug] Got command of type ACTION
[AndroidBootstrap] [BOOTSTRAP LOG] [debug] Got command action: click
[AndroidBootstrap] [BOOTSTRAP LOG] [debug] Returning result: {"value":true,"status":0}
[debug] [AndroidBootstrap] Received command result from bootstrap
[debug] [MJSONWP] Responding to client with driver.click() result: true
[HTTP] <-- POST /wd/hub/session/77574505-7a80-4d49-b8ba-922c177b6f42/element/5/click 200 3158 ms - 76 
[HTTP] --> GET /wd/hub/session/77574505-7a80-4d49-b8ba-922c177b6f42/contexts {}
[debug] [MJSONWP] Calling AppiumDriver.getContexts() with args: ["77574505-7a80-4d49-b8ba-922c177b6f42"]
[debug] [AndroidDriver] Getting a list of available webviews
[debug] [ADB] Getting connected devices...
[debug] [ADB] 1 device(s) connected
[debug] [ADB] Running 'E:\adt-bundle-windows-x86_64-20140702\adt-bundle-windows-x86_64-20140702\sdk\platform-tools\adb.exe' with args: ["-P",5037,"-s","127.0.0.1:62001","shell","cat","/proc/net/unix"]
[debug] [AndroidDriver] WEBVIEW_5155 mapped to pid 5155
[debug] [AndroidDriver] Getting process name for webview
[debug] [ADB] Getting connected devices...
[debug] [AndroidDriver] WEBVIEW_678 mapped to pid 678
[debug] [AndroidDriver] Getting process name for webview
[debug] [ADB] Getting connected devices...
[debug] [AndroidDriver] WEBVIEW_679 mapped to pid 679
[debug] [AndroidDriver] Getting process name for webview
[debug] [ADB] Getting connected devices...
[debug] [ADB] 1 device(s) connected
[debug] [ADB] Running 'E:\adt-bundle-windows-x86_64-20140702\adt-bundle-windows-x86_64-20140702\sdk\platform-tools\adb.exe' with args: ["-P",5037,"-s","127.0.0.1:62001","shell","ps"]
[debug] [ADB] 1 device(s) connected
[debug] [ADB] Running 'E:\adt-bundle-windows-x86_64-20140702\adt-bundle-windows-x86_64-20140702\sdk\platform-tools\adb.exe' with args: ["-P",5037,"-s","127.0.0.1:62001","shell","ps"]
[debug] [ADB] 1 device(s) connected
[debug] [ADB] Running 'E:\adt-bundle-windows-x86_64-20140702\adt-bundle-windows-x86_64-20140702\sdk\platform-tools\adb.exe' with args: ["-P",5037,"-s","127.0.0.1:62001","shell","ps"]
[debug] [AndroidDriver] Parsed pid: 5155 pkg: com.estrongs.android.pop!
[debug] [AndroidDriver] from: u0_a34,5155,162,983464,59880,ffffffff,b76ef35b,S,com.estrongs.android.pop
[debug] [AndroidDriver] returning process name: com.estrongs.android.pop
[debug] [AndroidDriver] Parsed pid: 678 pkg: com.vphone.launcher!
[debug] [AndroidDriver] from: system,678,162,1394516,117872,ffffffff,b76ef35b,S,com.vphone.launcher
[debug] [AndroidDriver] returning process name: com.vphone.launcher
[debug] [AndroidDriver] Parsed pid: 679 pkg: com.tencent.mm:tools!
[debug] [AndroidDriver] from: u0_a46,679,162,1748316,159856,ffffffff,824ae0aa,R,com.tencent.mm:tools
[debug] [AndroidDriver] returning process name: com.tencent.mm:tools
[debug] [AndroidDriver] Found webviews: ["WEBVIEW_com.estrongs.android.pop","WEBVIEW_com.vphone.launcher","WEBVIEW_com.tencent.mm:tools"]
[debug] [AndroidDriver] Available contexts: ["NATIVE_APP","WEBVIEW_com.estrongs.android.pop","WEBVIEW_com.vphone.launcher","WEBVIEW_com.tencent.mm:tools"]
[debug] [MJSONWP] Responding to client with driver.getContexts() result: ["NATIVE_APP","WEBVIEW_com.estrongs.android.pop","WEBVIEW_com.vphone.launcher","WEBVIEW_com.tencent.mm:tools"]
[HTTP] <-- GET /wd/hub/session/77574505-7a80-4d49-b8ba-922c177b6f42/contexts 200 307 ms - 182 
[HTTP] --> POST /wd/hub/session/77574505-7a80-4d49-b8ba-922c177b6f42/context {"name":"WEBVIEW_com.tencent.mm:tools"}
[debug] [MJSONWP] Calling AppiumDriver.setContext() with args: ["WEBVIEW_com.tencent.mm:tools","77574505-7a80-4d49-b8ba-922c177b6f42"]
[debug] [AndroidDriver] Getting a list of available webviews
[debug] [ADB] Getting connected devices...
[debug] [ADB] 1 device(s) connected
[debug] [ADB] Running 'E:\adt-bundle-windows-x86_64-20140702\adt-bundle-windows-x86_64-20140702\sdk\platform-tools\adb.exe' with args: ["-P",5037,"-s","127.0.0.1:62001","shell","cat","/proc/net/unix"]
[debug] [AndroidDriver] WEBVIEW_5155 mapped to pid 5155
[debug] [AndroidDriver] Getting process name for webview
[debug] [ADB] Getting connected devices...
[debug] [AndroidDriver] WEBVIEW_678 mapped to pid 678
[debug] [AndroidDriver] Getting process name for webview
[debug] [ADB] Getting connected devices...
[debug] [AndroidDriver] WEBVIEW_679 mapped to pid 679
[debug] [AndroidDriver] Getting process name for webview
[debug] [ADB] Getting connected devices...
[debug] [ADB] 1 device(s) connected
[debug] [ADB] Running 'E:\adt-bundle-windows-x86_64-20140702\adt-bundle-windows-x86_64-20140702\sdk\platform-tools\adb.exe' with args: ["-P",5037,"-s","127.0.0.1:62001","shell","ps"]
[debug] [ADB] 1 device(s) connected
[debug] [ADB] Running 'E:\adt-bundle-windows-x86_64-20140702\adt-bundle-windows-x86_64-20140702\sdk\platform-tools\adb.exe' with args: ["-P",5037,"-s","127.0.0.1:62001","shell","ps"]
[debug] [ADB] 1 device(s) connected
[debug] [ADB] Running 'E:\adt-bundle-windows-x86_64-20140702\adt-bundle-windows-x86_64-20140702\sdk\platform-tools\adb.exe' with args: ["-P",5037,"-s","127.0.0.1:62001","shell","ps"]
[debug] [AndroidDriver] Parsed pid: 5155 pkg: com.estrongs.android.pop!
[debug] [AndroidDriver] from: u0_a34,5155,162,983464,59880,ffffffff,b76ef35b,S,com.estrongs.android.pop
[debug] [AndroidDriver] returning process name: com.estrongs.android.pop
[debug] [AndroidDriver] Parsed pid: 678 pkg: com.vphone.launcher!
[debug] [AndroidDriver] from: system,678,162,1394516,117872,ffffffff,b76ef35b,S,com.vphone.launcher
[debug] [AndroidDriver] returning process name: com.vphone.launcher
[debug] [AndroidDriver] Parsed pid: 679 pkg: com.tencent.mm:tools!
[debug] [AndroidDriver] from: u0_a46,679,162,1750928,165412,ffffffff,b76ef35b,S,com.tencent.mm:tools
[debug] [AndroidDriver] returning process name: com.tencent.mm:tools
[debug] [AndroidDriver] Found webviews: ["WEBVIEW_com.estrongs.android.pop","WEBVIEW_com.vphone.launcher","WEBVIEW_com.tencent.mm:tools"]
[debug] [AndroidDriver] Available contexts: ["NATIVE_APP","WEBVIEW_com.estrongs.android.pop","WEBVIEW_com.vphone.launcher","WEBVIEW_com.tencent.mm:tools"]
[debug] [AndroidDriver] Connecting to chrome-backed webview context 'WEBVIEW_com.tencent.mm:tools'
[debug] [AndroidDriver] A port was not given, using random port: 8000
[debug] [Chromedriver] Changed state to 'starting'
[Chromedriver] Set chromedriver binary as: C:\Users\kk\AppData\Roaming\npm\node_modules\appium\node_modules\.2.10.0@appium-chromedriver\chromedriver\win\chromedriver.exe
[Chromedriver] Killing any old chromedrivers, running: FOR /F "usebackq tokens=5" %a in (`netstat -nao ^| findstr /R /C:"8000 "`) do (FOR /F "usebackq" %b in (`TASKLIST /FI "PID eq %a" ^| findstr /I chromedriver.exe`) do (IF NOT %b=="" TASKKILL /F /PID %a))
[Chromedriver] No old chromedrivers seemed to exist
[Chromedriver] Spawning chromedriver with: C:\Users\kk\AppData\Roaming\npm\node_modules\appium\node_modules\.2.10.0@appium-chromedriver\chromedriver\win\chromedriver.exe --url-base=wd/hub --port=8000 --adb-port=5037
[Chromedriver] [STDOUT] Starting ChromeDriver 2.37.544315 (730aa6a5fdba159ac9f4c1e8cbc59bf1b5ce12b7) on port 8000
Only local connections are allowed.
[debug] [JSONWP Proxy] Proxying [GET /status] to [GET http://127.0.0.1:8000/wd/hub/status] with no body
[debug] [JSONWP Proxy] Got response with status 200: "{\"sessionId\":\"\",\"status\":0,\"value\":{\"build\":{\"version\":\"alpha\"},\"os\":{\"arch\":\"x86_64\",\"name\":\"Windows NT\",\"version\":\"6.3.9600\"}}}"
[debug] [JSONWP Proxy] Proxying [POST /session] to [POST http://127.0.0.1:8000/wd/hub/session] with body: {"desiredCapabilities":{"chromeOptions":{"androidPackage":"com.tencent.mm","androidUseRunningApp":true,"args":[],"extensions":[],"androidProcess":"com.tencent.mm:tools","androidDeviceSerial":"127.0.0.1:62001"}}}
[debug] [JSONWP Proxy] Got response with status 200: {"sessionId":"285fc482b7b8a94c8bd63252462ed026","status":100,"value":{"message":"chrome not reachable\n  (Driver info: chromedriver=2.37.544315 (730aa6a5fdba159ac9f4c1e8cbc59bf1b5ce12b7),platform=Windows NT 6.3.9600 x86_64)"}}
[debug] [JSONWP Proxy] Proxying [POST /session] to [POST http://127.0.0.1:8000/wd/hub/session] with body: {"desiredCapabilities":{"chromeOptions":{"androidPackage":"com.tencent.mm","androidUseRunningApp":true,"args":[],"extensions":[],"androidProcess":"com.tencent.mm:tools","androidDeviceSerial":"127.0.0.1:62001"}}}
[debug] [JSONWP Proxy] Got response with status 200: {"sessionId":"7477f1efa7c75fc27cde1891d1eb660a","status":100,"value":{"message":"chrome not reachable\n  (Driver info: chromedriver=2.37.544315 (730aa6a5fdba159ac9f4c1e8cbc59bf1b5ce12b7),platform=Windows NT 6.3.9600 x86_64)"}}
[debug] [JSONWP Proxy] Proxying [POST /session] to [POST http://127.0.0.1:8000/wd/hub/session] with body: {"desiredCapabilities":{"chromeOptions":{"androidPackage":"com.tencent.mm","androidUseRunningApp":true,"args":[],"extensions":[],"androidProcess":"com.tencent.mm:tools","androidDeviceSerial":"127.0.0.1:62001"}}}
[debug] [JSONWP Proxy] Got response with status 200: {"sessionId":"c2f161860b07fb1645824c9cd2bed23d","status":100,"value":{"message":"chrome not reachable\n  (Driver info: chromedriver=2.37.544315 (730aa6a5fdba159ac9f4c1e8cbc59bf1b5ce12b7),platform=Windows NT 6.3.9600 x86_64)"}}
[debug] [JSONWP Proxy] Proxying [POST /session] to [POST http://127.0.0.1:8000/wd/hub/session] with body: {"desiredCapabilities":{"chromeOptions":{"androidPackage":"com.tencent.mm","androidUseRunningApp":true,"args":[],"extensions":[],"androidProcess":"com.tencent.mm:tools","androidDeviceSerial":"127.0.0.1:62001"}}}
[debug] [JSONWP Proxy] Got response with status 200: {"sessionId":"d544218863a948095811581bf8c9cb54","status":100,"value":{"message":"chrome not reachable\n  (Driver info: chromedriver=2.37.544315 (730aa6a5fdba159ac9f4c1e8cbc59bf1b5ce12b7),platform=Windows NT 6.3.9600 x86_64)"}}
[debug] [Chromedriver] Changed state to 'stopped'
[HTTP] <-- POST /wd/hub/session/77574505-7a80-4d49-b8ba-922c177b6f42/context 500 253391 ms - 313 
[HTTP] --> DELETE /wd/hub/session/77574505-7a80-4d49-b8ba-922c177b6f42 {}
[debug] [MJSONWP] Calling AppiumDriver.deleteSession() with args: ["77574505-7a80-4d49-b8ba-922c177b6f42"]
[debug] [AndroidDriver] Shutting down Android driver
[debug] [AndroidDriver] Resetting IME to com.example.android.softkeyboard/.SoftKeyboard
[debug] [ADB] Getting connected devices...
[debug] [ADB] 1 device(s) connected
[debug] [ADB] Running 'E:\adt-bundle-windows-x86_64-20140702\adt-bundle-windows-x86_64-20140702\sdk\platform-tools\adb.exe' with args: ["-P",5037,"-s","127.0.0.1:62001","shell","ime","set","com.example.android.softkeyboard/.SoftKeyboard"]
[debug] [ADB] Getting connected devices...
[debug] [ADB] 1 device(s) connected
[debug] [ADB] Running 'E:\adt-bundle-windows-x86_64-20140702\adt-bundle-windows-x86_64-20140702\sdk\platform-tools\adb.exe' with args: ["-P",5037,"-s","127.0.0.1:62001","shell","am","force-stop","com.tencent.mm"]
[debug] [ADB] Pressing the HOME button
[debug] [ADB] Getting connected devices...
[debug] [ADB] 1 device(s) connected
[debug] [ADB] Running 'E:\adt-bundle-windows-x86_64-20140702\adt-bundle-windows-x86_64-20140702\sdk\platform-tools\adb.exe' with args: ["-P",5037,"-s","127.0.0.1:62001","shell","input","keyevent",3]
[debug] [AndroidBootstrap] Sending command to android: {"cmd":"shutdown"}
[AndroidBootstrap] [BOOTSTRAP LOG] [debug] Got data from client: {"cmd":"shutdown"}
[AndroidBootstrap] [BOOTSTRAP LOG] [debug] Got command of type SHUTDOWN
[AndroidBootstrap] [BOOTSTRAP LOG] [debug] Returning result: {"value":"OK, shutting down","status":0}
[AndroidBootstrap] [BOOTSTRAP LOG] [debug] Closed client connection
[debug] [AndroidBootstrap] [UIAUTO STDOUT] INSTRUMENTATION_STATUS: numtests=1
[debug] [AndroidBootstrap] [UIAUTO STDOUT] INSTRUMENTATION_STATUS: stream=.
[debug] [AndroidBootstrap] [UIAUTO STDOUT] INSTRUMENTATION_STATUS: id=UiAutomatorTestRunner
[debug] [AndroidBootstrap] [UIAUTO STDOUT] INSTRUMENTATION_STATUS: test=testRunServer
[debug] [AndroidBootstrap] [UIAUTO STDOUT] INSTRUMENTATION_STATUS: class=io.appium.android.bootstrap.Bootstrap
[debug] [AndroidBootstrap] [UIAUTO STDOUT] INSTRUMENTATION_STATUS: current=1
[debug] [AndroidBootstrap] [UIAUTO STDOUT] INSTRUMENTATION_STATUS_CODE: 0
[debug] [AndroidBootstrap] [UIAUTO STDOUT] INSTRUMENTATION_STATUS: stream=
[debug] [AndroidBootstrap] [UIAUTO STDOUT] Test results for WatcherResultPrinter=.
[debug] [AndroidBootstrap] [UIAUTO STDOUT] Time: 299.374
[debug] [AndroidBootstrap] [UIAUTO STDOUT] OK (1 test)
[debug] [AndroidBootstrap] [UIAUTO STDOUT] INSTRUMENTATION_STATUS_CODE: -1
[debug] [AndroidBootstrap] Received command result from bootstrap
[debug] [UiAutomator] Shutting down UiAutomator
[debug] [UiAutomator] Moving to state 'stopping'
[debug] [UiAutomator] UiAutomator shut down normally
[debug] [UiAutomator] Moving to state 'stopped'
[debug] [ADB] Attempting to kill all uiautomator processes
[debug] [ADB] Getting all processes with uiautomator
[debug] [ADB] Getting connected devices...
[debug] [ADB] 1 device(s) connected
[debug] [ADB] Running 'E:\adt-bundle-windows-x86_64-20140702\adt-bundle-windows-x86_64-20140702\sdk\platform-tools\adb.exe' with args: ["-P",5037,"-s","127.0.0.1:62001","shell","ps"]
[ADB] No uiautomator process found to kill, continuing...
[debug] [UiAutomator] Moving to state 'stopped'
[debug] [ADB] Getting connected devices...
[debug] [ADB] 1 device(s) connected
[debug] [ADB] Running 'E:\adt-bundle-windows-x86_64-20140702\adt-bundle-windows-x86_64-20140702\sdk\platform-tools\adb.exe' with args: ["-P",5037,"-s","127.0.0.1:62001","shell","am","force-stop","io.appium.unlock"]
[debug] [Logcat] Stopping logcat capture
[debug] [AndroidDriver] Not cleaning generated files. Add `clearSystemFiles` capability if wanted.
[Appium] Removing session 77574505-7a80-4d49-b8ba-922c177b6f42 from our master session list
[debug] [MJSONWP] Received response: null
[debug] [MJSONWP] But deleting session, so not returning
[debug] [MJSONWP] Responding to client with driver.deleteSession() result: null
[HTTP] <-- DELETE /wd/hub/session/77574505-7a80-4d49-b8ba-922c177b6f42 200 3114 ms - 76 
