[Appium] Welcome to Appium v1.6.3
[Appium] Non-default server args:
[Appium]   address: '192.168.31.119'
[Appium]   port: 9000
[Appium]   bootstrapPort: 9013
[Appium]   udid: '28a38e6f'
[Appium] Deprecated server args:
[Appium]   -U,--udid => --default-capabilities '{"udid":"28a38e6f"}'
[Appium] Default capabilities, which will be added to each request unless overridden by desired capabilities:
[Appium]   udid: '28a38e6f'
[Appium] Appium REST http interface listener started on 192.168.31.119:9000
[HTTP] --> POST /wd/hub/session {"capabilities":[{"desiredCapabilities":{"app":"F:\\adt-workspace\\weixin\\app\\mm.apk","appPackage":"com.tencent.mm","recreateChromeDriverSessions":true,"noReset":true,"platformVersion":"5.1","unicodeKeyboard":true,"chromeOptions":{"args":[],"extensions":[],"androidProcess":"com.tencent.mm:tools"},"platformName":"Android","deviceName":"28a38e6f","resetKeyboard":true}},{"requiredCapabilities":{}}],"desiredCapabilities":{"app":"F:\\adt-workspace\\weixin\\app\\mm.apk","appPackage":"com.tencent.mm","recreateChromeDriverSessions":true,"noReset":true,"platformVersion":"5.1","unicodeKeyboard":true,"chromeOptions":{"args":[],"extensions":[],"androidProcess":"com.tencent.mm:tools"},"platformName":"Android","deviceName":"28a38e6f","resetKeyboard":true},"requiredCapabilities":{}}
[debug] [MJSONWP] Calling AppiumDriver.createSession() with args: [{"app":"F:\\adt-workspace\\weixin\\app\\mm.apk","appPackage":"com.tencent.mm","recreateChromeDriverSessions":true,"noReset":true,"platformVersion":"5.1","unicodeKeyboard":true,"chromeOptions":{"args":[],"extensions":[],"androidProcess":"com.tencent.mm:tools"},"platformName":"Android","deviceName":"28a38e6f","resetKeyboard":true},{},[{"desiredCapabilities":{"app":"F:\\adt-workspace\\weixin\\app\\mm.apk","appPackage":"com.tencent.mm","recreateChromeDriverSessions":true,"noReset":true,"platformVersion":"5.1","unicodeKeyboard":true,"chromeOptions":{"args":[],"extensions":[],"androidProcess":"com.tencent.mm:tools"},"platformName":"Android","deviceName":"28a38e6f","resetKeyboard":true}},{"requiredCapabilities":{}}],null,null]
[Appium] Creating new AndroidDriver session
[Appium] Capabilities:
[Appium]   app: 'F:\\adt-workspace\\weixin\\app\\mm.apk'
[Appium]   appPackage: 'com.tencent.mm'
[Appium]   recreateChromeDriverSessions: true
[Appium]   noReset: true
[Appium]   platformVersion: '5.1'
[Appium]   unicodeKeyboard: true
[Appium]   chromeOptions: { args: [],
  extensions: [],
  androidProcess: 'com.tencent.mm:tools' }
[Appium]   platformName: 'Android'
[Appium]   deviceName: '28a38e6f'
[Appium]   resetKeyboard: true
[Appium]   udid: '28a38e6f'
[debug] [AndroidDriver] AndroidDriver version: 1.11.3
[BaseDriver] Session created with session id: 84e7657c-a327-459e-8a09-41d27f5b3780
[debug] [AndroidDriver] Getting Java version
[AndroidDriver] Java version is: 1.8.0_131
[ADB] Checking whether adb is present
[ADB] Using adb.exe from E:\adt-bundle-windows-x86_64-20140702\adt-bundle-windows-x86_64-20140702\sdk\platform-tools\adb.exe
[AndroidDriver] Retrieving device list
[debug] [ADB] Trying to find a connected android device
[debug] [ADB] Getting connected devices...
[debug] [ADB] 1 device(s) connected
[AndroidDriver] Using device: 28a38e6f
[ADB] Checking whether adb is present
[ADB] Using adb.exe from E:\adt-bundle-windows-x86_64-20140702\adt-bundle-windows-x86_64-20140702\sdk\platform-tools\adb.exe
[debug] [ADB] Setting device id to 28a38e6f
[BaseDriver] Using local app 'F:\adt-workspace\weixin\app\mm.apk'
[debug] [AndroidDriver] Checking whether app is actually present
[AndroidDriver] Starting Android session
[debug] [ADB] Running 'E:\adt-bundle-windows-x86_64-20140702\adt-bundle-windows-x86_64-20140702\sdk\platform-tools\adb.exe' with args: ["-P",5037,"-s","28a38e6f","wait-for-device"]
[debug] [ADB] Getting connected devices...
[debug] [ADB] 1 device(s) connected
[debug] [ADB] Running 'E:\adt-bundle-windows-x86_64-20140702\adt-bundle-windows-x86_64-20140702\sdk\platform-tools\adb.exe' with args: ["-P",5037,"-s","28a38e6f","shell","echo","ping"]
[debug] [Logcat] Starting logcat capture
[debug] [AndroidDriver] Enabling Unicode keyboard support
[debug] [AndroidDriver] Pushing unicode ime to device...
[debug] [ADB] Running 'E:\adt-bundle-windows-x86_64-20140702\adt-bundle-windows-x86_64-20140702\sdk\platform-tools\adb.exe' with args: ["-P",5037,"-s","28a38e6f","install","C:\\Users\\kk\\AppData\\Roaming\\npm\\node_modules\\appium\\node_modules\\.2.0.0@appium-android-ime\\bin\\UnicodeIME-debug.apk"]
[debug] [ADB] Getting connected devices...
[debug] [ADB] 1 device(s) connected
[debug] [ADB] Running 'E:\adt-bundle-windows-x86_64-20140702\adt-bundle-windows-x86_64-20140702\sdk\platform-tools\adb.exe' with args: ["-P",5037,"-s","28a38e6f","shell","settings","get","secure","default_input_method"]
[debug] [AndroidDriver] Unsetting previous IME io.appium.android.ime/.UnicodeIME
[debug] [AndroidDriver] Setting IME to 'io.appium.android.ime/.UnicodeIME'
[debug] [ADB] Getting connected devices...
[debug] [ADB] 1 device(s) connected
[debug] [ADB] Running 'E:\adt-bundle-windows-x86_64-20140702\adt-bundle-windows-x86_64-20140702\sdk\platform-tools\adb.exe' with args: ["-P",5037,"-s","28a38e6f","shell","ime","enable","io.appium.android.ime/.UnicodeIME"]
[debug] [ADB] Getting connected devices...
[debug] [ADB] 1 device(s) connected
[debug] [ADB] Running 'E:\adt-bundle-windows-x86_64-20140702\adt-bundle-windows-x86_64-20140702\sdk\platform-tools\adb.exe' with args: ["-P",5037,"-s","28a38e6f","shell","ime","set","io.appium.android.ime/.UnicodeIME"]
[debug] [AndroidDriver] Pushing settings apk to device...
[debug] [ADB] Running 'E:\adt-bundle-windows-x86_64-20140702\adt-bundle-windows-x86_64-20140702\sdk\platform-tools\adb.exe' with args: ["-P",5037,"-s","28a38e6f","install","C:\\Users\\kk\\AppData\\Roaming\\npm\\node_modules\\appium\\node_modules\\.2.1.0@io.appium.settings\\bin\\settings_apk-debug.apk"]
[debug] [AndroidDriver] Pushing unlock helper app to device...
[debug] [ADB] Running 'E:\adt-bundle-windows-x86_64-20140702\adt-bundle-windows-x86_64-20140702\sdk\platform-tools\adb.exe' with args: ["-P",5037,"-s","28a38e6f","install","C:\\Users\\kk\\AppData\\Roaming\\npm\\node_modules\\appium\\node_modules\\.0.1.1@appium-unlock\\bin\\unlock_apk-debug.apk"]
[ADB] Getting device platform version
[debug] [ADB] Getting connected devices...
[debug] [ADB] 1 device(s) connected
[debug] [ADB] Running 'E:\adt-bundle-windows-x86_64-20140702\adt-bundle-windows-x86_64-20140702\sdk\platform-tools\adb.exe' with args: ["-P",5037,"-s","28a38e6f","shell","getprop","ro.build.version.release"]
[debug] [ADB] Getting connected devices...
[debug] [ADB] 1 device(s) connected
[debug] [ADB] Running 'E:\adt-bundle-windows-x86_64-20140702\adt-bundle-windows-x86_64-20140702\sdk\platform-tools\adb.exe' with args: ["-P",5037,"-s","28a38e6f","shell","wm","size"]
[debug] [ADB] Getting connected devices...
[debug] [ADB] 1 device(s) connected
[debug] [ADB] Running 'E:\adt-bundle-windows-x86_64-20140702\adt-bundle-windows-x86_64-20140702\sdk\platform-tools\adb.exe' with args: ["-P",5037,"-s","28a38e6f","shell","getprop","ro.product.model"]
[debug] [ADB] Current device property 'ro.product.model': OPPO A53m
[debug] [ADB] Getting connected devices...
[debug] [ADB] 1 device(s) connected
[debug] [ADB] Running 'E:\adt-bundle-windows-x86_64-20140702\adt-bundle-windows-x86_64-20140702\sdk\platform-tools\adb.exe' with args: ["-P",5037,"-s","28a38e6f","shell","getprop","ro.product.manufacturer"]
[debug] [ADB] Current device property 'ro.product.manufacturer': OPPO
[debug] [ADB] Getting connected devices...
[debug] [ADB] 1 device(s) connected
[debug] [ADB] Running 'E:\adt-bundle-windows-x86_64-20140702\adt-bundle-windows-x86_64-20140702\sdk\platform-tools\adb.exe' with args: ["-P",5037,"-s","28a38e6f","shell","dumpsys","window"]
[AndroidDriver] Screen already unlocked, doing nothing
[debug] [AndroidDriver] Parsing package and activity from app manifest
[ADB] Checking whether aapt is present
[ADB] Using aapt.exe from E:\adt-bundle-windows-x86_64-20140702\adt-bundle-windows-x86_64-20140702\sdk\build-tools\android-4.4W\aapt.exe
[ADB] Extracting package and launch activity from manifest
[debug] [ADB] badging package: com.tencent.mm
[debug] [ADB] badging act: com.tencent.mm.ui.LauncherUI
[debug] [AndroidDriver] Parsed package and activity are: com.tencent.mm/com.tencent.mm.ui.LauncherUI
[AndroidDriver] Remote apk path is /data/local/tmp/b32c1faa4a4da88d921f0113f5068d06.apk
[debug] [ADB] Getting connected devices...
[debug] [ADB] 1 device(s) connected
[debug] [ADB] Running 'E:\adt-bundle-windows-x86_64-20140702\adt-bundle-windows-x86_64-20140702\sdk\platform-tools\adb.exe' with args: ["-P",5037,"-s","28a38e6f","shell","ls","/data/local/tmp/b32c1faa4a4da88d921f0113f5068d06.apk"]
[debug] [AndroidDriver] Checking if app is installed
[debug] [ADB] Getting install status for com.tencent.mm
[debug] [ADB] Getting connected devices...
[debug] [ADB] 1 device(s) connected
[debug] [ADB] Running 'E:\adt-bundle-windows-x86_64-20140702\adt-bundle-windows-x86_64-20140702\sdk\platform-tools\adb.exe' with args: ["-P",5037,"-s","28a38e6f","shell","pm","list","packages","com.tencent.mm"]
[debug] [ADB] App is installed
[debug] [AndroidDriver] Extracting strings from apk F:\adt-workspace\weixin\app\mm.apk null C:\Users\kk\AppData\Local\Temp\com.tencent.mm
[debug] [ADB] Extracting strings for language: default
[debug] [ADB] Getting connected devices...
[debug] [ADB] 1 device(s) connected
[debug] [ADB] Running 'E:\adt-bundle-windows-x86_64-20140702\adt-bundle-windows-x86_64-20140702\sdk\platform-tools\adb.exe' with args: ["-P",5037,"-s","28a38e6f","shell","getprop","ro.build.version.sdk"]
[debug] [ADB] Device API level: 22
[debug] [ADB] Getting connected devices...
[debug] [ADB] 1 device(s) connected
[debug] [ADB] Running 'E:\adt-bundle-windows-x86_64-20140702\adt-bundle-windows-x86_64-20140702\sdk\platform-tools\adb.exe' with args: ["-P",5037,"-s","28a38e6f","shell","getprop","persist.sys.language"]
[debug] [ADB] Current device property 'persist.sys.language': zh
[debug] [ADB] No strings.xml for language 'zh', getting default strings.xml
[debug] [ADB] Reading strings from converted strings.json
[debug] [ADB] Running 'E:\adt-bundle-windows-x86_64-20140702\adt-bundle-windows-x86_64-20140702\sdk\platform-tools\adb.exe' with args: ["-P",5037,"-s","28a38e6f","push","C:\\Users\\kk\\AppData\\Local\\Temp\\com.tencent.mm\\strings.json","/data/local/tmp"]
[debug] [AndroidBootstrap] Watching for bootstrap disconnect
[debug] [ADB] Forwarding system: 9013 to device: 4724
[debug] [ADB] Running 'E:\adt-bundle-windows-x86_64-20140702\adt-bundle-windows-x86_64-20140702\sdk\platform-tools\adb.exe' with args: ["-P",5037,"-s","28a38e6f","forward","tcp:9013","tcp:4724"]
[debug] [UiAutomator] Starting UiAutomator
[debug] [UiAutomator] Moving to state 'starting'
[debug] [UiAutomator] Parsing uiautomator jar
[debug] [UiAutomator] Found jar name: 'AppiumBootstrap.jar'
[debug] [ADB] Running 'E:\adt-bundle-windows-x86_64-20140702\adt-bundle-windows-x86_64-20140702\sdk\platform-tools\adb.exe' with args: ["-P",5037,"-s","28a38e6f","push","C:\\Users\\kk\\AppData\\Roaming\\npm\\node_modules\\appium\\node_modules\\.2.7.9@appium-android-bootstrap\\bootstrap\\bin\\AppiumBootstrap.jar","/data/local/tmp/"]
[debug] [ADB] Attempting to kill all uiautomator processes
[debug] [ADB] Getting all processes with uiautomator
[debug] [ADB] Getting connected devices...
[debug] [ADB] 1 device(s) connected
[debug] [ADB] Running 'E:\adt-bundle-windows-x86_64-20140702\adt-bundle-windows-x86_64-20140702\sdk\platform-tools\adb.exe' with args: ["-P",5037,"-s","28a38e6f","shell","ps"]
[ADB] No uiautomator process found to kill, continuing...
[debug] [UiAutomator] Starting UIAutomator
[debug] [ADB] Creating ADB subprocess with args: ["-P",5037,"-s","28a38e6f","shell","uiautomator","runtest","AppiumBootstrap.jar","-c","io.appium.android.bootstrap.Bootstrap","-e","pkg","com.tencent.mm","-e","disableAndroidWatchers",false,"-e","acceptSslCerts",false]
[debug] [UiAutomator] Moving to state 'online'
[AndroidBootstrap] Android bootstrap socket is now connected
[debug] [ADB] Device API level: 22
[debug] [ADB] Getting connected devices...
[debug] [ADB] 1 device(s) connected
[debug] [ADB] Running 'E:\adt-bundle-windows-x86_64-20140702\adt-bundle-windows-x86_64-20140702\sdk\platform-tools\adb.exe' with args: ["-P",5037,"-s","28a38e6f","shell","am","start","-W","-n","com.tencent.mm/com.tencent.mm.ui.LauncherUI","-S","-a","android.intent.action.MAIN","-c","android.intent.category.LAUNCHER","-f","0x10200000"]
[AndroidBootstrap] [BOOTSTRAP LOG] [debug] json loading complete.
[AndroidBootstrap] [BOOTSTRAP LOG] [debug] Registered crash watchers.
[AndroidBootstrap] [BOOTSTRAP LOG] [debug] Client connected
[HTTP] <-- POST /wd/hub/session - - ms - - 
[debug] [ADB] Waiting for pkg: 'com.tencent.mm' and activity: 'com.tencent.mm.ui.LauncherUI' to be focused
[debug] [ADB] Possible activities, to be checked: com.tencent.mm.ui.LauncherUI, com.tencent.mm.com.tencent.mm.ui.LauncherUI
[debug] [ADB] Getting focused package and activity
[debug] [ADB] Getting connected devices...
[debug] [ADB] 1 device(s) connected
[debug] [ADB] Running 'E:\adt-bundle-windows-x86_64-20140702\adt-bundle-windows-x86_64-20140702\sdk\platform-tools\adb.exe' with args: ["-P",5037,"-s","28a38e6f","shell","dumpsys","window","windows"]
[debug] [ADB] Found package: 'com.tencent.mm' and fully qualified activity name : 'com.tencent.mm.app.WeChatSplashActivity'
[debug] [ADB] Incorrect package and activity. Retrying.
[debug] [ADB] Getting focused package and activity
[debug] [ADB] Getting connected devices...
[debug] [ADB] 1 device(s) connected
[debug] [ADB] Running 'E:\adt-bundle-windows-x86_64-20140702\adt-bundle-windows-x86_64-20140702\sdk\platform-tools\adb.exe' with args: ["-P",5037,"-s","28a38e6f","shell","dumpsys","window","windows"]
[debug] [ADB] Found package: 'com.tencent.mm' and fully qualified activity name : 'com.tencent.mm.app.WeChatSplashActivity'
[debug] [ADB] Incorrect package and activity. Retrying.
[debug] [ADB] Getting focused package and activity
[debug] [ADB] Getting connected devices...
[debug] [ADB] 1 device(s) connected
[debug] [ADB] Running 'E:\adt-bundle-windows-x86_64-20140702\adt-bundle-windows-x86_64-20140702\sdk\platform-tools\adb.exe' with args: ["-P",5037,"-s","28a38e6f","shell","dumpsys","window","windows"]
[debug] [ADB] Found package: 'com.tencent.mm' and fully qualified activity name : 'com.tencent.mm.ui.LauncherUI'
[Appium] New AndroidDriver session created successfully, session 84e7657c-a327-459e-8a09-41d27f5b3780 added to master session list
[debug] [MJSONWP] Responding to client with driver.createSession() result: {"platform":"LINUX","webStorageEnabled":false,"takesScreenshot":true,"javascriptEnabled":true,"databaseEnabled":false,"networkConnectionEnabled":true,"locationContextEnabled":false,"warnings":{},"desired":{"app":"F:\\adt-workspace\\weixin\\app\\mm.apk","appPackage":"com.tencent.mm","recreateChromeDriverSessions":true,"noReset":true,"platformVersion":"5.1","unicodeKeyboard":true,"chromeOptions":{"args":[],"extensions":[],"androidProcess":"com.tencent.mm:tools"},"platformName":"Android","deviceName":"28a38e6f","resetKeyboard":true,"udid":"28a38e6f"},"app":"F:\\adt-workspace\\weixin\\app\\mm.apk","appPackage":"com.tencent.mm","recreateChromeDriverSessions":true,"noReset":true,"platformVersion":"5.1.1","unicodeKeyboard":true,"chromeOptions":{"args":[],"extensions":[],"androidProcess":"com.tencent.mm:tools"},"platformName":"Android","deviceName":"28a38e6f","resetKeyboard":true,"udid":"28a38e6f","deviceUDID":"28a38e6f","deviceScreenSize":"720x1280","deviceModel":"OPPO A53m","deviceManufacturer":"OPPO","appWaitPa...
